# JRE version: Java(TM) SE Runtime Environment (7.0_79-b15) (build 1.7.0_79-b15)
# Java VM: Java HotSpot(TM) 64-Bit Server VM (24.79-b02 mixed mode windows-amd64 compressed oops)
Heap
 PSYoungGen      total 233472K, used 16671K [0x00000000eaa80000, 0x0000000100000000, 0x0000000100000000)
  eden space 117248K, 0% used [0x00000000eaa80000,0x00000000eaa80048,0x00000000f1d00000)
  from space 116224K, 14% used [0x00000000f1d00000,0x00000000f2d47c98,0x00000000f8e80000)
  to   space 116224K, 0% used [0x00000000f8e80000,0x00000000f8e80000,0x0000000100000000)
 ParOldGen       total 318464K, used 278562K [0x00000000c0000000, 0x00000000d3700000, 0x00000000eaa80000)
  object space 318464K, 87% used [0x00000000c0000000,0x00000000d1008800,0x00000000d3700000)
 PSPermGen       total 21504K, used 6121K [0x00000000bae00000, 0x00000000bc300000, 0x00000000c0000000)
  object space 21504K, 28% used [0x00000000bae00000,0x00000000bb3fa410,0x00000000bc300000)
GC Heap History (10 events):
Event: 54.666 GC heap after
Heap after GC invocations=17 (full 4):
 PSYoungGen      total 233472K, used 65736K [0x00000000eaa80000, 0x0000000100000000, 0x0000000100000000)
  eden space 117248K, 0% used [0x00000000eaa80000,0x00000000eaa80000,0x00000000f1d00000)
  from space 116224K, 56% used [0x00000000f1d00000,0x00000000f5d32338,0x00000000f8e80000)
  to   space 116224K, 0% used [0x00000000f8e80000,0x00000000f8e80000,0x0000000100000000)
 ParOldGen       total 318464K, used 202161K [0x00000000c0000000, 0x00000000d3700000, 0x00000000eaa80000)
  object space 318464K, 63% used [0x00000000c0000000,0x00000000cc56c6d0,0x00000000d3700000)
 PSPermGen       total 21504K, used 6053K [0x00000000bae00000, 0x00000000bc300000, 0x00000000c0000000)
  object space 21504K, 28% used [0x00000000bae00000,0x00000000bb3e9608,0x00000000bc300000)
}
Event: 55.275 GC heap before
{Heap before GC invocations=18 (full 4):
 PSYoungGen      total 233472K, used 182984K [0x00000000eaa80000, 0x0000000100000000, 0x0000000100000000)
  eden space 117248K, 100% used [0x00000000eaa80000,0x00000000f1d00000,0x00000000f1d00000)
  from space 116224K, 56% used [0x00000000f1d00000,0x00000000f5d32338,0x00000000f8e80000)
  to   space 116224K, 0% used [0x00000000f8e80000,0x00000000f8e80000,0x0000000100000000)
 ParOldGen       total 318464K, used 202161K [0x00000000c0000000, 0x00000000d3700000, 0x00000000eaa80000)
  object space 318464K, 63% used [0x00000000c0000000,0x00000000cc56c6d0,0x00000000d3700000)
 PSPermGen       total 21504K, used 6058K [0x00000000bae00000, 0x00000000bc300000, 0x00000000c0000000)
  object space 21504K, 28% used [0x00000000bae00000,0x00000000bb3eaaa8,0x00000000bc300000)
Event: 55.484 GC heap after
Heap after GC invocations=18 (full 4):
 PSYoungGen      total 233472K, used 19651K [0x00000000eaa80000, 0x0000000100000000, 0x0000000100000000)
  eden space 117248K, 0% used [0x00000000eaa80000,0x00000000eaa80000,0x00000000f1d00000)
  from space 116224K, 16% used [0x00000000f8e80000,0x00000000fa1b0fb8,0x0000000100000000)
  to   space 116224K, 0% used [0x00000000f1d00000,0x00000000f1d00000,0x00000000f8e80000)
 ParOldGen       total 318464K, used 234809K [0x00000000c0000000, 0x00000000d3700000, 0x00000000eaa80000)
  object space 318464K, 73% used [0x00000000c0000000,0x00000000ce54e6d0,0x00000000d3700000)
 PSPermGen       total 21504K, used 6058K [0x00000000bae00000, 0x00000000bc300000, 0x00000000c0000000)
  object space 21504K, 28% used [0x00000000bae00000,0x00000000bb3eaaa8,0x00000000bc300000)
}
Event: 56.260 GC heap before
{Heap before GC invocations=19 (full 4):
 PSYoungGen      total 233472K, used 136899K [0x00000000eaa80000, 0x0000000100000000, 0x0000000100000000)
  eden space 117248K, 100% used [0x00000000eaa80000,0x00000000f1d00000,0x00000000f1d00000)
  from space 116224K, 16% used [0x00000000f8e80000,0x00000000fa1b0fb8,0x0000000100000000)
  to   space 116224K, 0% used [0x00000000f1d00000,0x00000000f1d00000,0x00000000f8e80000)
 ParOldGen       total 318464K, used 234809K [0x00000000c0000000, 0x00000000d3700000, 0x00000000eaa80000)
  object space 318464K, 73% used [0x00000000c0000000,0x00000000ce54e6d0,0x00000000d3700000)
 PSPermGen       total 21504K, used 6064K [0x00000000bae00000, 0x00000000bc300000, 0x00000000c0000000)
  object space 21504K, 28% used [0x00000000bae00000,0x00000000bb3ec300,0x00000000bc300000)
Event: 57.071 GC heap after
Heap after GC invocations=19 (full 4):
 PSYoungGen      total 233472K, used 43348K [0x00000000eaa80000, 0x0000000100000000, 0x0000000100000000)
  eden space 117248K, 0% used [0x00000000eaa80000,0x00000000eaa80000,0x00000000f1d00000)
  from space 116224K, 37% used [0x00000000f1d00000,0x00000000f4755108,0x00000000f8e80000)
  to   space 116224K, 0% used [0x00000000f8e80000,0x00000000f8e80000,0x0000000100000000)
 ParOldGen       total 318464K, used 254039K [0x00000000c0000000, 0x00000000d3700000, 0x00000000eaa80000)
  object space 318464K, 79% used [0x00000000c0000000,0x00000000cf815f28,0x00000000d3700000)
 PSPermGen       total 21504K, used 6064K [0x00000000bae00000, 0x00000000bc300000, 0x00000000c0000000)
  object space 21504K, 28% used [0x00000000bae00000,0x00000000bb3ec300,0x00000000bc300000)
}
Event: 65.349 GC heap before
{Heap before GC invocations=20 (full 4):
 PSYoungGen      total 233472K, used 160596K [0x00000000eaa80000, 0x0000000100000000, 0x0000000100000000)
  eden space 117248K, 100% used [0x00000000eaa80000,0x00000000f1d00000,0x00000000f1d00000)
  from space 116224K, 37% used [0x00000000f1d00000,0x00000000f4755108,0x00000000f8e80000)
  to   space 116224K, 0% used [0x00000000f8e80000,0x00000000f8e80000,0x0000000100000000)
 ParOldGen       total 318464K, used 254039K [0x00000000c0000000, 0x00000000d3700000, 0x00000000eaa80000)
  object space 318464K, 79% used [0x00000000c0000000,0x00000000cf815f28,0x00000000d3700000)
 PSPermGen       total 21504K, used 6103K [0x00000000bae00000, 0x00000000bc300000, 0x00000000c0000000)
  object space 21504K, 28% used [0x00000000bae00000,0x00000000bb3f5d78,0x00000000bc300000)
Event: 67.292 GC heap after
Heap after GC invocations=20 (full 4):
 PSYoungGen      total 233472K, used 21439K [0x00000000eaa80000, 0x0000000100000000, 0x0000000100000000)
  eden space 117248K, 0% used [0x00000000eaa80000,0x00000000eaa80000,0x00000000f1d00000)
  from space 116224K, 18% used [0x00000000f8e80000,0x00000000fa36fe50,0x0000000100000000)
  to   space 116224K, 0% used [0x00000000f1d00000,0x00000000f1d00000,0x00000000f8e80000)
 ParOldGen       total 318464K, used 257678K [0x00000000c0000000, 0x00000000d3700000, 0x00000000eaa80000)
  object space 318464K, 80% used [0x00000000c0000000,0x00000000cfba3ae0,0x00000000d3700000)
 PSPermGen       total 21504K, used 6103K [0x00000000bae00000, 0x00000000bc300000, 0x00000000c0000000)
  object space 21504K, 28% used [0x00000000bae00000,0x00000000bb3f5d78,0x00000000bc300000)
}
Event: 69.339 GC heap before
{Heap before GC invocations=21 (full 4):
 PSYoungGen      total 233472K, used 138687K [0x00000000eaa80000, 0x0000000100000000, 0x0000000100000000)
  eden space 117248K, 100% used [0x00000000eaa80000,0x00000000f1d00000,0x00000000f1d00000)
  from space 116224K, 18% used [0x00000000f8e80000,0x00000000fa36fe50,0x0000000100000000)
  to   space 116224K, 0% used [0x00000000f1d00000,0x00000000f1d00000,0x00000000f8e80000)
 ParOldGen       total 318464K, used 257678K [0x00000000c0000000, 0x00000000d3700000, 0x00000000eaa80000)
  object space 318464K, 80% used [0x00000000c0000000,0x00000000cfba3ae0,0x00000000d3700000)
 PSPermGen       total 21504K, used 6121K [0x00000000bae00000, 0x00000000bc300000, 0x00000000c0000000)
  object space 21504K, 28% used [0x00000000bae00000,0x00000000bb3fa410,0x00000000bc300000)
Event: 69.505 GC heap after
Heap after GC invocations=21 (full 4):
 PSYoungGen      total 233472K, used 16671K [0x00000000eaa80000, 0x0000000100000000, 0x0000000100000000)
  eden space 117248K, 0% used [0x00000000eaa80000,0x00000000eaa80000,0x00000000f1d00000)
  from space 116224K, 14% used [0x00000000f1d00000,0x00000000f2d47c98,0x00000000f8e80000)
  to   space 116224K, 0% used [0x00000000f8e80000,0x00000000f8e80000,0x0000000100000000)
 ParOldGen       total 318464K, used 278562K [0x00000000c0000000, 0x00000000d3700000, 0x00000000eaa80000)
  object space 318464K, 87% used [0x00000000c0000000,0x00000000d1008800,0x00000000d3700000)
 PSPermGen       total 21504K, used 6121K [0x00000000bae00000, 0x00000000bc300000, 0x00000000c0000000)
  object space 21504K, 28% used [0x00000000bae00000,0x00000000bb3fa410,0x00000000bc300000)
}
Event: 69.505 GC heap before
{Heap before GC invocations=22 (full 5):
 PSYoungGen      total 233472K, used 16671K [0x00000000eaa80000, 0x0000000100000000, 0x0000000100000000)
  eden space 117248K, 0% used [0x00000000eaa80000,0x00000000eaa80000,0x00000000f1d00000)
  from space 116224K, 14% used [0x00000000f1d00000,0x00000000f2d47c98,0x00000000f8e80000)
  to   space 116224K, 0% used [0x00000000f8e80000,0x00000000f8e80000,0x0000000100000000)
 ParOldGen       total 318464K, used 278562K [0x00000000c0000000, 0x00000000d3700000, 0x00000000eaa80000)
  object space 318464K, 87% used [0x00000000c0000000,0x00000000d1008800,0x00000000d3700000)
 PSPermGen       total 21504K, used 6121K [0x00000000bae00000, 0x00000000bc300000, 0x00000000c0000000)
  object space 21504K, 28% used [0x00000000bae00000,0x00000000bb3fa410,0x00000000bc300000)

